data frame size: 1978
X_train size: 1582 | X_test size: 396 | y_train size: 1582 | y_test size: 396
--------------------------------------------------------------------------------
Fitting 10 folds for each of 115 candidates, totalling 1150 fits
[CV] END ..................random_state=10, solver=newton-cg; total time=   1.7s
[CV] END ..................random_state=10, solver=newton-cg; total time=   2.1s
[CV] END ..................random_state=10, solver=newton-cg; total time=   2.9s
[CV] END ..................random_state=10, solver=newton-cg; total time=   2.1s
[CV] END ..................random_state=10, solver=newton-cg; total time=   1.8s
[CV] END ..................random_state=10, solver=newton-cg; total time=   2.0s
[CV] END ..................random_state=10, solver=newton-cg; total time=   1.7s
[CV] END ..................random_state=10, solver=newton-cg; total time=   1.8s
[CV] END ..................random_state=10, solver=newton-cg; total time=   1.8s
[CV] END ..................random_state=10, solver=newton-cg; total time=   2.0s
[CV] END ......................random_state=10, solver=lbfgs; total time=   0.0s
[CV] END ......................random_state=10, solver=lbfgs; total time=   0.0s
[CV] END ......................random_state=10, solver=lbfgs; total time=   0.0s
[CV] END ......................random_state=10, solver=lbfgs; total time=   0.0s
[CV] END ......................random_state=10, solver=lbfgs; total time=   0.1s
[CV] END ......................random_state=10, solver=lbfgs; total time=   0.1s
[CV] END ......................random_state=10, solver=lbfgs; total time=   0.0s
[CV] END ......................random_state=10, solver=lbfgs; total time=   0.0s
[CV] END ......................random_state=10, solver=lbfgs; total time=   0.0s
[CV] END ......................random_state=10, solver=lbfgs; total time=   0.0s
[CV] END ..................random_state=10, solver=liblinear; total time=   0.0s
[CV] END ..................random_state=10, solver=liblinear; total time=   0.0s
[CV] END ..................random_state=10, solver=liblinear; total time=   0.0s
[CV] END ..................random_state=10, solver=liblinear; total time=   0.0s
[CV] END ..................random_state=10, solver=liblinear; total time=   0.0s
[CV] END ..................random_state=10, solver=liblinear; total time=   0.0s
[CV] END ..................random_state=10, solver=liblinear; total time=   0.0s
[CV] END ..................random_state=10, solver=liblinear; total time=   0.0s
[CV] END ..................random_state=10, solver=liblinear; total time=   0.0s
[CV] END ..................random_state=10, solver=liblinear; total time=   0.0s
[CV] END ........................random_state=10, solver=sag; total time=   0.0s
[CV] END ........................random_state=10, solver=sag; total time=   0.0s
[CV] END ........................random_state=10, solver=sag; total time=   0.0s
[CV] END ........................random_state=10, solver=sag; total time=   0.0s
[CV] END ........................random_state=10, solver=sag; total time=   0.0s
[CV] END ........................random_state=10, solver=sag; total time=   0.0s
[CV] END ........................random_state=10, solver=sag; total time=   0.0s
[CV] END ........................random_state=10, solver=sag; total time=   0.0s
[CV] END ........................random_state=10, solver=sag; total time=   0.0s
[CV] END ........................random_state=10, solver=sag; total time=   0.0s
[CV] END .......................random_state=10, solver=saga; total time=   0.1s
[CV] END .......................random_state=10, solver=saga; total time=   0.1s
[CV] END .......................random_state=10, solver=saga; total time=   0.1s
[CV] END .......................random_state=10, solver=saga; total time=   0.1s
[CV] END .......................random_state=10, solver=saga; total time=   0.1s
[CV] END .......................random_state=10, solver=saga; total time=   0.1s
[CV] END .......................random_state=10, solver=saga; total time=   0.1s
[CV] END .......................random_state=10, solver=saga; total time=   0.1s
[CV] END .......................random_state=10, solver=saga; total time=   0.1s
[CV] END .......................random_state=10, solver=saga; total time=   0.1s
[CV] END ..................random_state=15, solver=newton-cg; total time=   1.8s
[CV] END ..................random_state=15, solver=newton-cg; total time=   2.2s
[CV] END ..................random_state=15, solver=newton-cg; total time=   3.1s
[CV] END ..................random_state=15, solver=newton-cg; total time=   2.4s
[CV] END ..................random_state=15, solver=newton-cg; total time=   2.3s
[CV] END ..................random_state=15, solver=newton-cg; total time=   2.4s
[CV] END ..................random_state=15, solver=newton-cg; total time=   2.5s
[CV] END ..................random_state=15, solver=newton-cg; total time=   2.7s
[CV] END ..................random_state=15, solver=newton-cg; total time=   3.2s
[CV] END ..................random_state=15, solver=newton-cg; total time=   2.3s
[CV] END ......................random_state=15, solver=lbfgs; total time=   0.1s
[CV] END ......................random_state=15, solver=lbfgs; total time=   0.1s
[CV] END ......................random_state=15, solver=lbfgs; total time=   0.0s
[CV] END ......................random_state=15, solver=lbfgs; total time=   0.1s
[CV] END ......................random_state=15, solver=lbfgs; total time=   0.0s
[CV] END ......................random_state=15, solver=lbfgs; total time=   0.1s
[CV] END ......................random_state=15, solver=lbfgs; total time=   0.1s
[CV] END ......................random_state=15, solver=lbfgs; total time=   0.1s
[CV] END ......................random_state=15, solver=lbfgs; total time=   0.1s
[CV] END ......................random_state=15, solver=lbfgs; total time=   0.1s
[CV] END ..................random_state=15, solver=liblinear; total time=   0.0s
[CV] END ..................random_state=15, solver=liblinear; total time=   0.0s
[CV] END ..................random_state=15, solver=liblinear; total time=   0.0s
[CV] END ..................random_state=15, solver=liblinear; total time=   0.0s
[CV] END ..................random_state=15, solver=liblinear; total time=   0.0s
[CV] END ..................random_state=15, solver=liblinear; total time=   0.0s
[CV] END ..................random_state=15, solver=liblinear; total time=   0.0s
[CV] END ..................random_state=15, solver=liblinear; total time=   0.0s
[CV] END ..................random_state=15, solver=liblinear; total time=   0.0s
[CV] END ..................random_state=15, solver=liblinear; total time=   0.0s
[CV] END ........................random_state=15, solver=sag; total time=   0.1s
[CV] END ........................random_state=15, solver=sag; total time=   0.1s
[CV] END ........................random_state=15, solver=sag; total time=   0.1s
[CV] END ........................random_state=15, solver=sag; total time=   0.1s
[CV] END ........................random_state=15, solver=sag; total time=   0.1s
[CV] END ........................random_state=15, solver=sag; total time=   0.0s
[CV] END ........................random_state=15, solver=sag; total time=   0.0s
[CV] END ........................random_state=15, solver=sag; total time=   0.1s
[CV] END ........................random_state=15, solver=sag; total time=   0.1s
[CV] END ........................random_state=15, solver=sag; total time=   0.0s
[CV] END .......................random_state=15, solver=saga; total time=   0.2s
[CV] END .......................random_state=15, solver=saga; total time=   0.2s
[CV] END .......................random_state=15, solver=saga; total time=   0.2s
[CV] END .......................random_state=15, solver=saga; total time=   0.2s
[CV] END .......................random_state=15, solver=saga; total time=   0.2s
[CV] END .......................random_state=15, solver=saga; total time=   0.2s
[CV] END .......................random_state=15, solver=saga; total time=   0.2s
[CV] END .......................random_state=15, solver=saga; total time=   0.2s
[CV] END .......................random_state=15, solver=saga; total time=   0.2s
[CV] END .......................random_state=15, solver=saga; total time=   0.2s
[CV] END ..................random_state=20, solver=newton-cg; total time=   2.4s
[CV] END ..................random_state=20, solver=newton-cg; total time=   2.4s
[CV] END ..................random_state=20, solver=newton-cg; total time=   2.7s
[CV] END ..................random_state=20, solver=newton-cg; total time=   2.8s
[CV] END ..................random_state=20, solver=newton-cg; total time=   2.6s
[CV] END ..................random_state=20, solver=newton-cg; total time=   3.2s
[CV] END ..................random_state=20, solver=newton-cg; total time=   3.3s
[CV] END ..................random_state=20, solver=newton-cg; total time=   3.8s
[CV] END ..................random_state=20, solver=newton-cg; total time=   3.1s
[CV] END ..................random_state=20, solver=newton-cg; total time=   3.2s
[CV] END ......................random_state=20, solver=lbfgs; total time=   0.2s
[CV] END ......................random_state=20, solver=lbfgs; total time=   0.1s
[CV] END ......................random_state=20, solver=lbfgs; total time=   0.1s
[CV] END ......................random_state=20, solver=lbfgs; total time=   0.1s
[CV] END ......................random_state=20, solver=lbfgs; total time=   0.1s
[CV] END ......................random_state=20, solver=lbfgs; total time=   0.1s
[CV] END ......................random_state=20, solver=lbfgs; total time=   0.1s
[CV] END ......................random_state=20, solver=lbfgs; total time=   0.1s
[CV] END ......................random_state=20, solver=lbfgs; total time=   0.1s
[CV] END ......................random_state=20, solver=lbfgs; total time=   0.1s
[CV] END ..................random_state=20, solver=liblinear; total time=   0.0s
[CV] END ..................random_state=20, solver=liblinear; total time=   0.0s
[CV] END ..................random_state=20, solver=liblinear; total time=   0.0s
[CV] END ..................random_state=20, solver=liblinear; total time=   0.0s
[CV] END ..................random_state=20, solver=liblinear; total time=   0.0s
[CV] END ..................random_state=20, solver=liblinear; total time=   0.0s
[CV] END ..................random_state=20, solver=liblinear; total time=   0.0s
[CV] END ..................random_state=20, solver=liblinear; total time=   0.0s
[CV] END ..................random_state=20, solver=liblinear; total time=   0.0s
[CV] END ..................random_state=20, solver=liblinear; total time=   0.0s
[CV] END ........................random_state=20, solver=sag; total time=   0.1s
[CV] END ........................random_state=20, solver=sag; total time=   0.3s
[CV] END ........................random_state=20, solver=sag; total time=   0.1s
[CV] END ........................random_state=20, solver=sag; total time=   0.1s
[CV] END ........................random_state=20, solver=sag; total time=   0.2s
[CV] END ........................random_state=20, solver=sag; total time=   0.1s
[CV] END ........................random_state=20, solver=sag; total time=   0.1s
[CV] END ........................random_state=20, solver=sag; total time=   0.1s
[CV] END ........................random_state=20, solver=sag; total time=   0.1s
[CV] END ........................random_state=20, solver=sag; total time=   0.1s
[CV] END .......................random_state=20, solver=saga; total time=   0.2s
[CV] END .......................random_state=20, solver=saga; total time=   0.2s
[CV] END .......................random_state=20, solver=saga; total time=   0.2s
[CV] END .......................random_state=20, solver=saga; total time=   0.2s
[CV] END .......................random_state=20, solver=saga; total time=   0.2s
[CV] END .......................random_state=20, solver=saga; total time=   0.2s
[CV] END .......................random_state=20, solver=saga; total time=   0.2s
[CV] END .......................random_state=20, solver=saga; total time=   0.3s
[CV] END .......................random_state=20, solver=saga; total time=   0.4s
[CV] END .......................random_state=20, solver=saga; total time=   0.3s
[CV] END ..................random_state=25, solver=newton-cg; total time=   3.3s
[CV] END ..................random_state=25, solver=newton-cg; total time=   3.2s
[CV] END ..................random_state=25, solver=newton-cg; total time=   2.8s
[CV] END ..................random_state=25, solver=newton-cg; total time=   2.5s
[CV] END ..................random_state=25, solver=newton-cg; total time=   2.6s
[CV] END ..................random_state=25, solver=newton-cg; total time=   4.2s
[CV] END ..................random_state=25, solver=newton-cg; total time=   3.4s
[CV] END ..................random_state=25, solver=newton-cg; total time=   3.7s
[CV] END ..................random_state=25, solver=newton-cg; total time=   3.7s
[CV] END ..................random_state=25, solver=newton-cg; total time=   4.4s
[CV] END ......................random_state=25, solver=lbfgs; total time=   0.2s
[CV] END ......................random_state=25, solver=lbfgs; total time=   0.2s
[CV] END ......................random_state=25, solver=lbfgs; total time=   0.3s
[CV] END ......................random_state=25, solver=lbfgs; total time=   0.2s
[CV] END ......................random_state=25, solver=lbfgs; total time=   0.2s
[CV] END ......................random_state=25, solver=lbfgs; total time=   0.2s
[CV] END ......................random_state=25, solver=lbfgs; total time=   0.2s
[CV] END ......................random_state=25, solver=lbfgs; total time=   0.2s
[CV] END ......................random_state=25, solver=lbfgs; total time=   0.1s
[CV] END ......................random_state=25, solver=lbfgs; total time=   0.1s
[CV] END ..................random_state=25, solver=liblinear; total time=   0.0s
[CV] END ..................random_state=25, solver=liblinear; total time=   0.0s
[CV] END ..................random_state=25, solver=liblinear; total time=   0.0s
[CV] END ..................random_state=25, solver=liblinear; total time=   0.0s
[CV] END ..................random_state=25, solver=liblinear; total time=   0.0s
[CV] END ..................random_state=25, solver=liblinear; total time=   0.0s
[CV] END ..................random_state=25, solver=liblinear; total time=   0.0s
[CV] END ..................random_state=25, solver=liblinear; total time=   0.0s
[CV] END ..................random_state=25, solver=liblinear; total time=   0.0s
[CV] END ..................random_state=25, solver=liblinear; total time=   0.0s
[CV] END ........................random_state=25, solver=sag; total time=   0.2s
[CV] END ........................random_state=25, solver=sag; total time=   0.1s
[CV] END ........................random_state=25, solver=sag; total time=   0.2s
[CV] END ........................random_state=25, solver=sag; total time=   0.2s
[CV] END ........................random_state=25, solver=sag; total time=   0.2s
[CV] END ........................random_state=25, solver=sag; total time=   0.2s
[CV] END ........................random_state=25, solver=sag; total time=   0.1s
[CV] END ........................random_state=25, solver=sag; total time=   0.2s
[CV] END ........................random_state=25, solver=sag; total time=   0.2s
[CV] END ........................random_state=25, solver=sag; total time=   0.3s
[CV] END .......................random_state=25, solver=saga; total time=   0.4s
[CV] END .......................random_state=25, solver=saga; total time=   0.3s
[CV] END .......................random_state=25, solver=saga; total time=   0.3s
[CV] END .......................random_state=25, solver=saga; total time=   0.3s
[CV] END .......................random_state=25, solver=saga; total time=   0.3s
[CV] END .......................random_state=25, solver=saga; total time=   0.4s
[CV] END .......................random_state=25, solver=saga; total time=   0.3s
[CV] END .......................random_state=25, solver=saga; total time=   0.3s
[CV] END .......................random_state=25, solver=saga; total time=   0.3s
[CV] END .......................random_state=25, solver=saga; total time=   0.2s
[CV] END ..................random_state=30, solver=newton-cg; total time=   4.2s
[CV] END ..................random_state=30, solver=newton-cg; total time=   4.4s
[CV] END ..................random_state=30, solver=newton-cg; total time=   3.4s
[CV] END ..................random_state=30, solver=newton-cg; total time=   4.1s
[CV] END ..................random_state=30, solver=newton-cg; total time=   3.7s
[CV] END ..................random_state=30, solver=newton-cg; total time=   4.1s
[CV] END ..................random_state=30, solver=newton-cg; total time=   3.4s
[CV] END ..................random_state=30, solver=newton-cg; total time=   3.8s
[CV] END ..................random_state=30, solver=newton-cg; total time=   3.7s
[CV] END ..................random_state=30, solver=newton-cg; total time=   3.7s
[CV] END ......................random_state=30, solver=lbfgs; total time=   0.1s
[CV] END ......................random_state=30, solver=lbfgs; total time=   0.1s
[CV] END ......................random_state=30, solver=lbfgs; total time=   0.1s
[CV] END ......................random_state=30, solver=lbfgs; total time=   0.1s
[CV] END ......................random_state=30, solver=lbfgs; total time=   0.1s
[CV] END ......................random_state=30, solver=lbfgs; total time=   0.2s
[CV] END ......................random_state=30, solver=lbfgs; total time=   0.3s
[CV] END ......................random_state=30, solver=lbfgs; total time=   0.2s
[CV] END ......................random_state=30, solver=lbfgs; total time=   0.2s
[CV] END ......................random_state=30, solver=lbfgs; total time=   0.2s
[CV] END ..................random_state=30, solver=liblinear; total time=   0.0s
[CV] END ..................random_state=30, solver=liblinear; total time=   0.0s
[CV] END ..................random_state=30, solver=liblinear; total time=   0.0s
[CV] END ..................random_state=30, solver=liblinear; total time=   0.0s
[CV] END ..................random_state=30, solver=liblinear; total time=   0.0s
[CV] END ..................random_state=30, solver=liblinear; total time=   0.0s
[CV] END ..................random_state=30, solver=liblinear; total time=   0.0s
[CV] END ..................random_state=30, solver=liblinear; total time=   0.0s
[CV] END ..................random_state=30, solver=liblinear; total time=   0.0s
[CV] END ..................random_state=30, solver=liblinear; total time=   0.0s
[CV] END ........................random_state=30, solver=sag; total time=   0.2s
[CV] END ........................random_state=30, solver=sag; total time=   0.1s
[CV] END ........................random_state=30, solver=sag; total time=   0.3s
[CV] END ........................random_state=30, solver=sag; total time=   0.1s
[CV] END ........................random_state=30, solver=sag; total time=   0.1s
[CV] END ........................random_state=30, solver=sag; total time=   0.2s
[CV] END ........................random_state=30, solver=sag; total time=   0.1s
[CV] END ........................random_state=30, solver=sag; total time=   0.1s
[CV] END ........................random_state=30, solver=sag; total time=   0.1s
[CV] END ........................random_state=30, solver=sag; total time=   0.1s
[CV] END .......................random_state=30, solver=saga; total time=   0.2s
[CV] END .......................random_state=30, solver=saga; total time=   0.2s
[CV] END .......................random_state=30, solver=saga; total time=   0.3s
[CV] END .......................random_state=30, solver=saga; total time=   0.3s
[CV] END .......................random_state=30, solver=saga; total time=   0.4s
[CV] END .......................random_state=30, solver=saga; total time=   0.3s
[CV] END .......................random_state=30, solver=saga; total time=   0.2s
[CV] END .......................random_state=30, solver=saga; total time=   0.3s
[CV] END .......................random_state=30, solver=saga; total time=   0.3s
[CV] END .......................random_state=30, solver=saga; total time=   0.2s
[CV] END ..................random_state=35, solver=newton-cg; total time=   3.5s
[CV] END ..................random_state=35, solver=newton-cg; total time=   4.2s
[CV] END ..................random_state=35, solver=newton-cg; total time=   5.2s
[CV] END ..................random_state=35, solver=newton-cg; total time=   4.3s
[CV] END ..................random_state=35, solver=newton-cg; total time=   3.9s
[CV] END ..................random_state=35, solver=newton-cg; total time=   4.6s
[CV] END ..................random_state=35, solver=newton-cg; total time=   3.3s
[CV] END ..................random_state=35, solver=newton-cg; total time=   4.1s
[CV] END ..................random_state=35, solver=newton-cg; total time=   4.0s
[CV] END ..................random_state=35, solver=newton-cg; total time=   4.2s
[CV] END ......................random_state=35, solver=lbfgs; total time=   0.3s
[CV] END ......................random_state=35, solver=lbfgs; total time=   0.2s
[CV] END ......................random_state=35, solver=lbfgs; total time=   0.2s
[CV] END ......................random_state=35, solver=lbfgs; total time=   0.2s
[CV] END ......................random_state=35, solver=lbfgs; total time=   0.2s
[CV] END ......................random_state=35, solver=lbfgs; total time=   0.2s
[CV] END ......................random_state=35, solver=lbfgs; total time=   0.2s
[CV] END ......................random_state=35, solver=lbfgs; total time=   0.1s
[CV] END ......................random_state=35, solver=lbfgs; total time=   0.2s
[CV] END ......................random_state=35, solver=lbfgs; total time=   0.2s
[CV] END ..................random_state=35, solver=liblinear; total time=   0.0s
[CV] END ..................random_state=35, solver=liblinear; total time=   0.0s
[CV] END ..................random_state=35, solver=liblinear; total time=   0.0s
[CV] END ..................random_state=35, solver=liblinear; total time=   0.0s
[CV] END ..................random_state=35, solver=liblinear; total time=   0.0s
[CV] END ..................random_state=35, solver=liblinear; total time=   0.0s
[CV] END ..................random_state=35, solver=liblinear; total time=   0.0s
[CV] END ..................random_state=35, solver=liblinear; total time=   0.0s
[CV] END ..................random_state=35, solver=liblinear; total time=   0.0s
[CV] END ..................random_state=35, solver=liblinear; total time=   0.0s
[CV] END ........................random_state=35, solver=sag; total time=   0.1s
[CV] END ........................random_state=35, solver=sag; total time=   0.1s
[CV] END ........................random_state=35, solver=sag; total time=   0.1s
[CV] END ........................random_state=35, solver=sag; total time=   0.1s
[CV] END ........................random_state=35, solver=sag; total time=   0.2s
[CV] END ........................random_state=35, solver=sag; total time=   0.2s
[CV] END ........................random_state=35, solver=sag; total time=   0.1s
[CV] END ........................random_state=35, solver=sag; total time=   0.1s
[CV] END ........................random_state=35, solver=sag; total time=   0.2s
[CV] END ........................random_state=35, solver=sag; total time=   0.2s
[CV] END .......................random_state=35, solver=saga; total time=   0.3s
[CV] END .......................random_state=35, solver=saga; total time=   0.3s
[CV] END .......................random_state=35, solver=saga; total time=   0.3s
[CV] END .......................random_state=35, solver=saga; total time=   0.4s
[CV] END .......................random_state=35, solver=saga; total time=   0.3s
[CV] END .......................random_state=35, solver=saga; total time=   0.3s
[CV] END .......................random_state=35, solver=saga; total time=   0.3s
[CV] END .......................random_state=35, solver=saga; total time=   0.3s
[CV] END .......................random_state=35, solver=saga; total time=   0.3s
[CV] END .......................random_state=35, solver=saga; total time=   0.3s
[CV] END ..................random_state=40, solver=newton-cg; total time=   3.4s
[CV] END ..................random_state=40, solver=newton-cg; total time=   4.0s
[CV] END ..................random_state=40, solver=newton-cg; total time=   3.5s
[CV] END ..................random_state=40, solver=newton-cg; total time=   3.7s
[CV] END ..................random_state=40, solver=newton-cg; total time=   3.7s
[CV] END ..................random_state=40, solver=newton-cg; total time=   4.0s
[CV] END ..................random_state=40, solver=newton-cg; total time=   3.4s
[CV] END ..................random_state=40, solver=newton-cg; total time=   3.9s
[CV] END ..................random_state=40, solver=newton-cg; total time=   3.5s
[CV] END ..................random_state=40, solver=newton-cg; total time=   3.8s
[CV] END ......................random_state=40, solver=lbfgs; total time=   0.2s
[CV] END ......................random_state=40, solver=lbfgs; total time=   0.2s
[CV] END ......................random_state=40, solver=lbfgs; total time=   0.2s
[CV] END ......................random_state=40, solver=lbfgs; total time=   0.2s
[CV] END ......................random_state=40, solver=lbfgs; total time=   0.2s
[CV] END ......................random_state=40, solver=lbfgs; total time=   0.2s
[CV] END ......................random_state=40, solver=lbfgs; total time=   0.2s
[CV] END ......................random_state=40, solver=lbfgs; total time=   0.2s
[CV] END ......................random_state=40, solver=lbfgs; total time=   0.1s
[CV] END ......................random_state=40, solver=lbfgs; total time=   0.1s
[CV] END ..................random_state=40, solver=liblinear; total time=   0.0s
[CV] END ..................random_state=40, solver=liblinear; total time=   0.0s
[CV] END ..................random_state=40, solver=liblinear; total time=   0.0s
[CV] END ..................random_state=40, solver=liblinear; total time=   0.1s
[CV] END ..................random_state=40, solver=liblinear; total time=   0.0s
[CV] END ..................random_state=40, solver=liblinear; total time=   0.0s
[CV] END ..................random_state=40, solver=liblinear; total time=   0.0s
[CV] END ..................random_state=40, solver=liblinear; total time=   0.0s
[CV] END ..................random_state=40, solver=liblinear; total time=   0.0s
[CV] END ..................random_state=40, solver=liblinear; total time=   0.0s
[CV] END ........................random_state=40, solver=sag; total time=   0.2s
[CV] END ........................random_state=40, solver=sag; total time=   0.2s
[CV] END ........................random_state=40, solver=sag; total time=   0.2s
[CV] END ........................random_state=40, solver=sag; total time=   0.1s
[CV] END ........................random_state=40, solver=sag; total time=   0.1s
[CV] END ........................random_state=40, solver=sag; total time=   0.1s
[CV] END ........................random_state=40, solver=sag; total time=   0.1s
[CV] END ........................random_state=40, solver=sag; total time=   0.2s
[CV] END ........................random_state=40, solver=sag; total time=   0.2s
[CV] END ........................random_state=40, solver=sag; total time=   0.2s
[CV] END .......................random_state=40, solver=saga; total time=   0.4s
[CV] END .......................random_state=40, solver=saga; total time=   0.2s
[CV] END .......................random_state=40, solver=saga; total time=   0.3s
[CV] END .......................random_state=40, solver=saga; total time=   0.3s
[CV] END .......................random_state=40, solver=saga; total time=   0.3s
[CV] END .......................random_state=40, solver=saga; total time=   0.3s
[CV] END .......................random_state=40, solver=saga; total time=   0.4s
[CV] END .......................random_state=40, solver=saga; total time=   0.3s
[CV] END .......................random_state=40, solver=saga; total time=   0.2s
[CV] END .......................random_state=40, solver=saga; total time=   0.3s
[CV] END ..................random_state=45, solver=newton-cg; total time=   2.9s
[CV] END ..................random_state=45, solver=newton-cg; total time=   3.7s
[CV] END ..................random_state=45, solver=newton-cg; total time=   3.3s
[CV] END ..................random_state=45, solver=newton-cg; total time=   3.7s
[CV] END ..................random_state=45, solver=newton-cg; total time=   4.3s
[CV] END ..................random_state=45, solver=newton-cg; total time=   4.1s
[CV] END ..................random_state=45, solver=newton-cg; total time=   3.6s
[CV] END ..................random_state=45, solver=newton-cg; total time=   3.8s
[CV] END ..................random_state=45, solver=newton-cg; total time=   3.9s
[CV] END ..................random_state=45, solver=newton-cg; total time=   4.0s
[CV] END ......................random_state=45, solver=lbfgs; total time=   0.2s
[CV] END ......................random_state=45, solver=lbfgs; total time=   0.1s
[CV] END ......................random_state=45, solver=lbfgs; total time=   0.2s
[CV] END ......................random_state=45, solver=lbfgs; total time=   0.2s
[CV] END ......................random_state=45, solver=lbfgs; total time=   0.1s
[CV] END ......................random_state=45, solver=lbfgs; total time=   0.1s
[CV] END ......................random_state=45, solver=lbfgs; total time=   0.1s
[CV] END ......................random_state=45, solver=lbfgs; total time=   0.2s
[CV] END ......................random_state=45, solver=lbfgs; total time=   0.2s
[CV] END ......................random_state=45, solver=lbfgs; total time=   0.3s
[CV] END ..................random_state=45, solver=liblinear; total time=   0.0s
[CV] END ..................random_state=45, solver=liblinear; total time=   0.0s
[CV] END ..................random_state=45, solver=liblinear; total time=   0.0s
[CV] END ..................random_state=45, solver=liblinear; total time=   0.0s
[CV] END ..................random_state=45, solver=liblinear; total time=   0.0s
[CV] END ..................random_state=45, solver=liblinear; total time=   0.0s
[CV] END ..................random_state=45, solver=liblinear; total time=   0.0s
[CV] END ..................random_state=45, solver=liblinear; total time=   0.0s
[CV] END ..................random_state=45, solver=liblinear; total time=   0.0s
[CV] END ..................random_state=45, solver=liblinear; total time=   0.0s
[CV] END ........................random_state=45, solver=sag; total time=   0.1s
[CV] END ........................random_state=45, solver=sag; total time=   0.2s
[CV] END ........................random_state=45, solver=sag; total time=   0.1s
[CV] END ........................random_state=45, solver=sag; total time=   0.1s
[CV] END ........................random_state=45, solver=sag; total time=   0.1s
[CV] END ........................random_state=45, solver=sag; total time=   0.2s
[CV] END ........................random_state=45, solver=sag; total time=   0.2s
[CV] END ........................random_state=45, solver=sag; total time=   0.2s
[CV] END ........................random_state=45, solver=sag; total time=   0.2s
[CV] END ........................random_state=45, solver=sag; total time=   0.1s
[CV] END .......................random_state=45, solver=saga; total time=   0.3s
[CV] END .......................random_state=45, solver=saga; total time=   0.3s
[CV] END .......................random_state=45, solver=saga; total time=   0.3s
[CV] END .......................random_state=45, solver=saga; total time=   0.2s
[CV] END .......................random_state=45, solver=saga; total time=   0.3s
[CV] END .......................random_state=45, solver=saga; total time=   0.4s
[CV] END .......................random_state=45, solver=saga; total time=   0.3s
[CV] END .......................random_state=45, solver=saga; total time=   0.3s
[CV] END .......................random_state=45, solver=saga; total time=   0.3s
[CV] END .......................random_state=45, solver=saga; total time=   0.3s
[CV] END ..................random_state=50, solver=newton-cg; total time=   3.9s
[CV] END ..................random_state=50, solver=newton-cg; total time=   3.8s
[CV] END ..................random_state=50, solver=newton-cg; total time=   3.5s
[CV] END ..................random_state=50, solver=newton-cg; total time=   4.1s
[CV] END ..................random_state=50, solver=newton-cg; total time=   3.8s
[CV] END ..................random_state=50, solver=newton-cg; total time=   4.2s
[CV] END ..................random_state=50, solver=newton-cg; total time=   3.6s
[CV] END ..................random_state=50, solver=newton-cg; total time=   4.0s
[CV] END ..................random_state=50, solver=newton-cg; total time=   3.5s
[CV] END ..................random_state=50, solver=newton-cg; total time=   3.7s
[CV] END ......................random_state=50, solver=lbfgs; total time=   0.2s
[CV] END ......................random_state=50, solver=lbfgs; total time=   0.2s
[CV] END ......................random_state=50, solver=lbfgs; total time=   0.2s
[CV] END ......................random_state=50, solver=lbfgs; total time=   0.2s
[CV] END ......................random_state=50, solver=lbfgs; total time=   0.2s
[CV] END ......................random_state=50, solver=lbfgs; total time=   0.1s
[CV] END ......................random_state=50, solver=lbfgs; total time=   0.2s
[CV] END ......................random_state=50, solver=lbfgs; total time=   0.2s
[CV] END ......................random_state=50, solver=lbfgs; total time=   0.1s
[CV] END ......................random_state=50, solver=lbfgs; total time=   0.1s
[CV] END ..................random_state=50, solver=liblinear; total time=   0.0s
[CV] END ..................random_state=50, solver=liblinear; total time=   0.0s
[CV] END ..................random_state=50, solver=liblinear; total time=   0.0s
[CV] END ..................random_state=50, solver=liblinear; total time=   0.0s
[CV] END ..................random_state=50, solver=liblinear; total time=   0.0s
[CV] END ..................random_state=50, solver=liblinear; total time=   0.0s
[CV] END ..................random_state=50, solver=liblinear; total time=   0.0s
[CV] END ..................random_state=50, solver=liblinear; total time=   0.0s
[CV] END ..................random_state=50, solver=liblinear; total time=   0.0s
[CV] END ..................random_state=50, solver=liblinear; total time=   0.0s
[CV] END ........................random_state=50, solver=sag; total time=   0.1s
[CV] END ........................random_state=50, solver=sag; total time=   0.3s
[CV] END ........................random_state=50, solver=sag; total time=   0.2s
[CV] END ........................random_state=50, solver=sag; total time=   0.1s
[CV] END ........................random_state=50, solver=sag; total time=   0.1s
[CV] END ........................random_state=50, solver=sag; total time=   0.1s
[CV] END ........................random_state=50, solver=sag; total time=   0.1s
[CV] END ........................random_state=50, solver=sag; total time=   0.1s
[CV] END ........................random_state=50, solver=sag; total time=   0.2s
[CV] END ........................random_state=50, solver=sag; total time=   0.1s
[CV] END .......................random_state=50, solver=saga; total time=   0.3s
[CV] END .......................random_state=50, solver=saga; total time=   0.4s
[CV] END .......................random_state=50, solver=saga; total time=   0.3s
[CV] END .......................random_state=50, solver=saga; total time=   0.3s
[CV] END .......................random_state=50, solver=saga; total time=   0.2s
[CV] END .......................random_state=50, solver=saga; total time=   0.2s
[CV] END .......................random_state=50, solver=saga; total time=   0.2s
[CV] END .......................random_state=50, solver=saga; total time=   0.3s
[CV] END .......................random_state=50, solver=saga; total time=   0.3s
[CV] END .......................random_state=50, solver=saga; total time=   0.3s
[CV] END ..................random_state=55, solver=newton-cg; total time=   3.5s
[CV] END ..................random_state=55, solver=newton-cg; total time=   3.7s
[CV] END ..................random_state=55, solver=newton-cg; total time=   3.1s
[CV] END ..................random_state=55, solver=newton-cg; total time=   3.4s
[CV] END ..................random_state=55, solver=newton-cg; total time=   3.3s
[CV] END ..................random_state=55, solver=newton-cg; total time=   3.8s
[CV] END ..................random_state=55, solver=newton-cg; total time=   3.4s
[CV] END ..................random_state=55, solver=newton-cg; total time=   3.7s
[CV] END ..................random_state=55, solver=newton-cg; total time=   3.5s
[CV] END ..................random_state=55, solver=newton-cg; total time=   3.7s
[CV] END ......................random_state=55, solver=lbfgs; total time=   0.1s
[CV] END ......................random_state=55, solver=lbfgs; total time=   0.1s
[CV] END ......................random_state=55, solver=lbfgs; total time=   0.1s
[CV] END ......................random_state=55, solver=lbfgs; total time=   0.1s
[CV] END ......................random_state=55, solver=lbfgs; total time=   0.2s
[CV] END ......................random_state=55, solver=lbfgs; total time=   0.2s
[CV] END ......................random_state=55, solver=lbfgs; total time=   0.2s
[CV] END ......................random_state=55, solver=lbfgs; total time=   0.1s
[CV] END ......................random_state=55, solver=lbfgs; total time=   0.1s
[CV] END ......................random_state=55, solver=lbfgs; total time=   0.2s
[CV] END ..................random_state=55, solver=liblinear; total time=   0.0s
[CV] END ..................random_state=55, solver=liblinear; total time=   0.0s
[CV] END ..................random_state=55, solver=liblinear; total time=   0.0s
[CV] END ..................random_state=55, solver=liblinear; total time=   0.0s
[CV] END ..................random_state=55, solver=liblinear; total time=   0.0s
[CV] END ..................random_state=55, solver=liblinear; total time=   0.0s
[CV] END ..................random_state=55, solver=liblinear; total time=   0.0s
[CV] END ..................random_state=55, solver=liblinear; total time=   0.0s
[CV] END ..................random_state=55, solver=liblinear; total time=   0.0s
[CV] END ..................random_state=55, solver=liblinear; total time=   0.0s
[CV] END ........................random_state=55, solver=sag; total time=   0.2s
[CV] END ........................random_state=55, solver=sag; total time=   0.2s
[CV] END ........................random_state=55, solver=sag; total time=   0.2s
[CV] END ........................random_state=55, solver=sag; total time=   0.3s
[CV] END ........................random_state=55, solver=sag; total time=   0.2s
[CV] END ........................random_state=55, solver=sag; total time=   0.1s
[CV] END ........................random_state=55, solver=sag; total time=   0.1s
[CV] END ........................random_state=55, solver=sag; total time=   0.1s
[CV] END ........................random_state=55, solver=sag; total time=   0.1s
[CV] END ........................random_state=55, solver=sag; total time=   0.1s
[CV] END .......................random_state=55, solver=saga; total time=   0.3s
[CV] END .......................random_state=55, solver=saga; total time=   0.3s
[CV] END .......................random_state=55, solver=saga; total time=   0.4s
[CV] END .......................random_state=55, solver=saga; total time=   0.3s
[CV] END .......................random_state=55, solver=saga; total time=   0.3s
[CV] END .......................random_state=55, solver=saga; total time=   0.4s
[CV] END .......................random_state=55, solver=saga; total time=   0.3s
[CV] END .......................random_state=55, solver=saga; total time=   0.3s
[CV] END .......................random_state=55, solver=saga; total time=   0.4s
[CV] END .......................random_state=55, solver=saga; total time=   0.4s
[CV] END ..................random_state=60, solver=newton-cg; total time=   3.5s
[CV] END ..................random_state=60, solver=newton-cg; total time=   3.7s
[CV] END ..................random_state=60, solver=newton-cg; total time=   3.1s
[CV] END ..................random_state=60, solver=newton-cg; total time=   3.8s
[CV] END ..................random_state=60, solver=newton-cg; total time=   3.8s
[CV] END ..................random_state=60, solver=newton-cg; total time=   3.9s
[CV] END ..................random_state=60, solver=newton-cg; total time=   3.5s
[CV] END ..................random_state=60, solver=newton-cg; total time=   3.8s
[CV] END ..................random_state=60, solver=newton-cg; total time=   3.5s
[CV] END ..................random_state=60, solver=newton-cg; total time=   3.7s
[CV] END ......................random_state=60, solver=lbfgs; total time=   0.3s
[CV] END ......................random_state=60, solver=lbfgs; total time=   0.1s
[CV] END ......................random_state=60, solver=lbfgs; total time=   0.1s
[CV] END ......................random_state=60, solver=lbfgs; total time=   0.1s
[CV] END ......................random_state=60, solver=lbfgs; total time=   0.2s
[CV] END ......................random_state=60, solver=lbfgs; total time=   0.2s
[CV] END ......................random_state=60, solver=lbfgs; total time=   0.2s
[CV] END ......................random_state=60, solver=lbfgs; total time=   0.1s
[CV] END ......................random_state=60, solver=lbfgs; total time=   0.1s
[CV] END ......................random_state=60, solver=lbfgs; total time=   0.2s
[CV] END ..................random_state=60, solver=liblinear; total time=   0.0s
[CV] END ..................random_state=60, solver=liblinear; total time=   0.1s
[CV] END ..................random_state=60, solver=liblinear; total time=   0.0s
[CV] END ..................random_state=60, solver=liblinear; total time=   0.0s
[CV] END ..................random_state=60, solver=liblinear; total time=   0.0s
[CV] END ..................random_state=60, solver=liblinear; total time=   0.0s
[CV] END ..................random_state=60, solver=liblinear; total time=   0.0s
[CV] END ..................random_state=60, solver=liblinear; total time=   0.0s
[CV] END ..................random_state=60, solver=liblinear; total time=   0.0s
[CV] END ..................random_state=60, solver=liblinear; total time=   0.0s
[CV] END ........................random_state=60, solver=sag; total time=   0.2s
[CV] END ........................random_state=60, solver=sag; total time=   0.2s
[CV] END ........................random_state=60, solver=sag; total time=   0.1s
[CV] END ........................random_state=60, solver=sag; total time=   0.2s
[CV] END ........................random_state=60, solver=sag; total time=   0.2s
[CV] END ........................random_state=60, solver=sag; total time=   0.2s
[CV] END ........................random_state=60, solver=sag; total time=   0.2s
[CV] END ........................random_state=60, solver=sag; total time=   0.1s
[CV] END ........................random_state=60, solver=sag; total time=   0.2s
[CV] END ........................random_state=60, solver=sag; total time=   0.1s
[CV] END .......................random_state=60, solver=saga; total time=   0.3s
[CV] END .......................random_state=60, solver=saga; total time=   0.3s
[CV] END .......................random_state=60, solver=saga; total time=   0.3s
[CV] END .......................random_state=60, solver=saga; total time=   0.3s
[CV] END .......................random_state=60, solver=saga; total time=   0.3s
[CV] END .......................random_state=60, solver=saga; total time=   0.3s
[CV] END .......................random_state=60, solver=saga; total time=   0.3s
[CV] END .......................random_state=60, solver=saga; total time=   0.3s
[CV] END .......................random_state=60, solver=saga; total time=   0.3s
[CV] END .......................random_state=60, solver=saga; total time=   0.3s
[CV] END ..................random_state=65, solver=newton-cg; total time=   3.5s
[CV] END ..................random_state=65, solver=newton-cg; total time=   4.0s
[CV] END ..................random_state=65, solver=newton-cg; total time=   3.3s
[CV] END ..................random_state=65, solver=newton-cg; total time=   4.0s
[CV] END ..................random_state=65, solver=newton-cg; total time=   3.9s
[CV] END ..................random_state=65, solver=newton-cg; total time=   4.1s
[CV] END ..................random_state=65, solver=newton-cg; total time=   3.6s
[CV] END ..................random_state=65, solver=newton-cg; total time=   4.2s
[CV] END ..................random_state=65, solver=newton-cg; total time=   3.7s
[CV] END ..................random_state=65, solver=newton-cg; total time=   4.2s
[CV] END ......................random_state=65, solver=lbfgs; total time=   0.2s
[CV] END ......................random_state=65, solver=lbfgs; total time=   0.2s
[CV] END ......................random_state=65, solver=lbfgs; total time=   0.3s
[CV] END ......................random_state=65, solver=lbfgs; total time=   0.2s
[CV] END ......................random_state=65, solver=lbfgs; total time=   0.2s
[CV] END ......................random_state=65, solver=lbfgs; total time=   0.2s
[CV] END ......................random_state=65, solver=lbfgs; total time=   0.2s
[CV] END ......................random_state=65, solver=lbfgs; total time=   0.2s
[CV] END ......................random_state=65, solver=lbfgs; total time=   0.2s
[CV] END ......................random_state=65, solver=lbfgs; total time=   0.2s
[CV] END ..................random_state=65, solver=liblinear; total time=   0.0s
[CV] END ..................random_state=65, solver=liblinear; total time=   0.0s
[CV] END ..................random_state=65, solver=liblinear; total time=   0.0s
[CV] END ..................random_state=65, solver=liblinear; total time=   0.0s
[CV] END ..................random_state=65, solver=liblinear; total time=   0.0s
[CV] END ..................random_state=65, solver=liblinear; total time=   0.0s
[CV] END ..................random_state=65, solver=liblinear; total time=   0.0s
[CV] END ..................random_state=65, solver=liblinear; total time=   0.0s
[CV] END ..................random_state=65, solver=liblinear; total time=   0.0s
[CV] END ..................random_state=65, solver=liblinear; total time=   0.0s
[CV] END ........................random_state=65, solver=sag; total time=   0.2s
[CV] END ........................random_state=65, solver=sag; total time=   0.2s
[CV] END ........................random_state=65, solver=sag; total time=   0.2s
[CV] END ........................random_state=65, solver=sag; total time=   0.2s
[CV] END ........................random_state=65, solver=sag; total time=   0.2s
[CV] END ........................random_state=65, solver=sag; total time=   0.2s
[CV] END ........................random_state=65, solver=sag; total time=   0.3s
[CV] END ........................random_state=65, solver=sag; total time=   0.1s
[CV] END ........................random_state=65, solver=sag; total time=   0.2s
[CV] END ........................random_state=65, solver=sag; total time=   0.2s
[CV] END .......................random_state=65, solver=saga; total time=   0.3s
[CV] END .......................random_state=65, solver=saga; total time=   0.4s
[CV] END .......................random_state=65, solver=saga; total time=   0.3s
[CV] END .......................random_state=65, solver=saga; total time=   0.3s
[CV] END .......................random_state=65, solver=saga; total time=   0.3s
[CV] END .......................random_state=65, solver=saga; total time=   0.3s
[CV] END .......................random_state=65, solver=saga; total time=   0.3s
[CV] END .......................random_state=65, solver=saga; total time=   0.3s
[CV] END .......................random_state=65, solver=saga; total time=   0.3s
[CV] END .......................random_state=65, solver=saga; total time=   0.3s
[CV] END ..................random_state=70, solver=newton-cg; total time=   3.8s
[CV] END ..................random_state=70, solver=newton-cg; total time=   4.0s
[CV] END ..................random_state=70, solver=newton-cg; total time=   3.2s
[CV] END ..................random_state=70, solver=newton-cg; total time=   3.9s
[CV] END ..................random_state=70, solver=newton-cg; total time=   3.8s
[CV] END ..................random_state=70, solver=newton-cg; total time=   4.0s
[CV] END ..................random_state=70, solver=newton-cg; total time=   3.6s
[CV] END ..................random_state=70, solver=newton-cg; total time=   3.9s
[CV] END ..................random_state=70, solver=newton-cg; total time=   4.0s
[CV] END ..................random_state=70, solver=newton-cg; total time=   4.0s
[CV] END ......................random_state=70, solver=lbfgs; total time=   0.2s
[CV] END ......................random_state=70, solver=lbfgs; total time=   0.2s
[CV] END ......................random_state=70, solver=lbfgs; total time=   0.2s
[CV] END ......................random_state=70, solver=lbfgs; total time=   0.2s
[CV] END ......................random_state=70, solver=lbfgs; total time=   0.2s
[CV] END ......................random_state=70, solver=lbfgs; total time=   0.2s
[CV] END ......................random_state=70, solver=lbfgs; total time=   0.2s
[CV] END ......................random_state=70, solver=lbfgs; total time=   0.1s
[CV] END ......................random_state=70, solver=lbfgs; total time=   0.2s
[CV] END ......................random_state=70, solver=lbfgs; total time=   0.2s
[CV] END ..................random_state=70, solver=liblinear; total time=   0.0s
[CV] END ..................random_state=70, solver=liblinear; total time=   0.0s
[CV] END ..................random_state=70, solver=liblinear; total time=   0.0s
[CV] END ..................random_state=70, solver=liblinear; total time=   0.0s
[CV] END ..................random_state=70, solver=liblinear; total time=   0.0s
[CV] END ..................random_state=70, solver=liblinear; total time=   0.0s
[CV] END ..................random_state=70, solver=liblinear; total time=   0.0s
[CV] END ..................random_state=70, solver=liblinear; total time=   0.0s
[CV] END ..................random_state=70, solver=liblinear; total time=   0.0s
[CV] END ..................random_state=70, solver=liblinear; total time=   0.0s
[CV] END ........................random_state=70, solver=sag; total time=   0.3s
[CV] END ........................random_state=70, solver=sag; total time=   0.2s
[CV] END ........................random_state=70, solver=sag; total time=   0.2s
[CV] END ........................random_state=70, solver=sag; total time=   0.2s
[CV] END ........................random_state=70, solver=sag; total time=   0.1s
[CV] END ........................random_state=70, solver=sag; total time=   0.1s
[CV] END ........................random_state=70, solver=sag; total time=   0.2s
[CV] END ........................random_state=70, solver=sag; total time=   0.2s
[CV] END ........................random_state=70, solver=sag; total time=   0.2s
[CV] END ........................random_state=70, solver=sag; total time=   0.2s
[CV] END .......................random_state=70, solver=saga; total time=   0.3s
[CV] END .......................random_state=70, solver=saga; total time=   0.4s
[CV] END .......................random_state=70, solver=saga; total time=   0.3s
[CV] END .......................random_state=70, solver=saga; total time=   0.3s
[CV] END .......................random_state=70, solver=saga; total time=   0.3s
[CV] END .......................random_state=70, solver=saga; total time=   0.3s
[CV] END .......................random_state=70, solver=saga; total time=   0.3s
[CV] END .......................random_state=70, solver=saga; total time=   0.3s
[CV] END .......................random_state=70, solver=saga; total time=   0.3s
[CV] END .......................random_state=70, solver=saga; total time=   0.3s
[CV] END ..................random_state=75, solver=newton-cg; total time=   3.7s
[CV] END ..................random_state=75, solver=newton-cg; total time=   4.1s
[CV] END ..................random_state=75, solver=newton-cg; total time=   3.5s
[CV] END ..................random_state=75, solver=newton-cg; total time=   4.1s
[CV] END ..................random_state=75, solver=newton-cg; total time=   3.7s
[CV] END ..................random_state=75, solver=newton-cg; total time=   4.1s
[CV] END ..................random_state=75, solver=newton-cg; total time=   3.7s
[CV] END ..................random_state=75, solver=newton-cg; total time=   3.9s
[CV] END ..................random_state=75, solver=newton-cg; total time=   3.7s
[CV] END ..................random_state=75, solver=newton-cg; total time=   3.8s
[CV] END ......................random_state=75, solver=lbfgs; total time=   0.2s
[CV] END ......................random_state=75, solver=lbfgs; total time=   0.2s
[CV] END ......................random_state=75, solver=lbfgs; total time=   0.2s
[CV] END ......................random_state=75, solver=lbfgs; total time=   0.2s
[CV] END ......................random_state=75, solver=lbfgs; total time=   0.1s
[CV] END ......................random_state=75, solver=lbfgs; total time=   0.2s
[CV] END ......................random_state=75, solver=lbfgs; total time=   0.2s
[CV] END ......................random_state=75, solver=lbfgs; total time=   0.2s
[CV] END ......................random_state=75, solver=lbfgs; total time=   0.2s
[CV] END ......................random_state=75, solver=lbfgs; total time=   0.2s
[CV] END ..................random_state=75, solver=liblinear; total time=   0.0s
[CV] END ..................random_state=75, solver=liblinear; total time=   0.1s
[CV] END ..................random_state=75, solver=liblinear; total time=   0.0s
[CV] END ..................random_state=75, solver=liblinear; total time=   0.0s
[CV] END ..................random_state=75, solver=liblinear; total time=   0.0s
[CV] END ..................random_state=75, solver=liblinear; total time=   0.0s
[CV] END ..................random_state=75, solver=liblinear; total time=   0.0s
[CV] END ..................random_state=75, solver=liblinear; total time=   0.0s
[CV] END ..................random_state=75, solver=liblinear; total time=   0.0s
[CV] END ..................random_state=75, solver=liblinear; total time=   0.0s
[CV] END ........................random_state=75, solver=sag; total time=   0.2s
[CV] END ........................random_state=75, solver=sag; total time=   0.2s
[CV] END ........................random_state=75, solver=sag; total time=   0.2s
[CV] END ........................random_state=75, solver=sag; total time=   0.2s
[CV] END ........................random_state=75, solver=sag; total time=   0.2s
[CV] END ........................random_state=75, solver=sag; total time=   0.2s
[CV] END ........................random_state=75, solver=sag; total time=   0.2s
[CV] END ........................random_state=75, solver=sag; total time=   0.2s
[CV] END ........................random_state=75, solver=sag; total time=   0.2s
[CV] END ........................random_state=75, solver=sag; total time=   0.3s
[CV] END .......................random_state=75, solver=saga; total time=   0.3s
[CV] END .......................random_state=75, solver=saga; total time=   0.3s
[CV] END .......................random_state=75, solver=saga; total time=   0.3s
[CV] END .......................random_state=75, solver=saga; total time=   0.3s
[CV] END .......................random_state=75, solver=saga; total time=   0.3s
[CV] END .......................random_state=75, solver=saga; total time=   0.3s
[CV] END .......................random_state=75, solver=saga; total time=   0.3s
[CV] END .......................random_state=75, solver=saga; total time=   0.4s
[CV] END .......................random_state=75, solver=saga; total time=   0.3s
[CV] END .......................random_state=75, solver=saga; total time=   0.3s
[CV] END ..................random_state=80, solver=newton-cg; total time=   3.7s
[CV] END ..................random_state=80, solver=newton-cg; total time=   4.2s
[CV] END ..................random_state=80, solver=newton-cg; total time=   4.0s
[CV] END ..................random_state=80, solver=newton-cg; total time=   4.0s
[CV] END ..................random_state=80, solver=newton-cg; total time=   3.9s
[CV] END ..................random_state=80, solver=newton-cg; total time=   4.7s
[CV] END ..................random_state=80, solver=newton-cg; total time=   3.9s
[CV] END ..................random_state=80, solver=newton-cg; total time=   3.9s
[CV] END ..................random_state=80, solver=newton-cg; total time=   3.6s
[CV] END ..................random_state=80, solver=newton-cg; total time=   4.0s
[CV] END ......................random_state=80, solver=lbfgs; total time=   0.2s
[CV] END ......................random_state=80, solver=lbfgs; total time=   0.2s
[CV] END ......................random_state=80, solver=lbfgs; total time=   0.2s
[CV] END ......................random_state=80, solver=lbfgs; total time=   0.2s
[CV] END ......................random_state=80, solver=lbfgs; total time=   0.2s
[CV] END ......................random_state=80, solver=lbfgs; total time=   0.2s
[CV] END ......................random_state=80, solver=lbfgs; total time=   0.2s
[CV] END ......................random_state=80, solver=lbfgs; total time=   0.2s
[CV] END ......................random_state=80, solver=lbfgs; total time=   0.2s
[CV] END ......................random_state=80, solver=lbfgs; total time=   0.2s
[CV] END ..................random_state=80, solver=liblinear; total time=   0.0s
[CV] END ..................random_state=80, solver=liblinear; total time=   0.0s
[CV] END ..................random_state=80, solver=liblinear; total time=   0.0s
[CV] END ..................random_state=80, solver=liblinear; total time=   0.0s
[CV] END ..................random_state=80, solver=liblinear; total time=   0.0s
[CV] END ..................random_state=80, solver=liblinear; total time=   0.0s
[CV] END ..................random_state=80, solver=liblinear; total time=   0.0s
[CV] END ..................random_state=80, solver=liblinear; total time=   0.0s
[CV] END ..................random_state=80, solver=liblinear; total time=   0.0s
[CV] END ..................random_state=80, solver=liblinear; total time=   0.0s
[CV] END ........................random_state=80, solver=sag; total time=   0.2s
[CV] END ........................random_state=80, solver=sag; total time=   0.2s
[CV] END ........................random_state=80, solver=sag; total time=   0.2s
[CV] END ........................random_state=80, solver=sag; total time=   0.2s
[CV] END ........................random_state=80, solver=sag; total time=   0.2s
[CV] END ........................random_state=80, solver=sag; total time=   0.2s
[CV] END ........................random_state=80, solver=sag; total time=   0.3s
[CV] END ........................random_state=80, solver=sag; total time=   0.2s
[CV] END ........................random_state=80, solver=sag; total time=   0.2s
[CV] END ........................random_state=80, solver=sag; total time=   0.2s
[CV] END .......................random_state=80, solver=saga; total time=   0.3s
[CV] END .......................random_state=80, solver=saga; total time=   0.3s
[CV] END .......................random_state=80, solver=saga; total time=   0.4s
[CV] END .......................random_state=80, solver=saga; total time=   0.3s
[CV] END .......................random_state=80, solver=saga; total time=   0.3s
[CV] END .......................random_state=80, solver=saga; total time=   0.3s
[CV] END .......................random_state=80, solver=saga; total time=   0.3s
[CV] END .......................random_state=80, solver=saga; total time=   0.3s
[CV] END .......................random_state=80, solver=saga; total time=   0.4s
[CV] END .......................random_state=80, solver=saga; total time=   0.3s
[CV] END ..................random_state=85, solver=newton-cg; total time=   3.7s
[CV] END ..................random_state=85, solver=newton-cg; total time=   4.0s
[CV] END ..................random_state=85, solver=newton-cg; total time=   3.5s
[CV] END ..................random_state=85, solver=newton-cg; total time=   3.7s
[CV] END ..................random_state=85, solver=newton-cg; total time=   3.8s
[CV] END ..................random_state=85, solver=newton-cg; total time=   4.2s
[CV] END ..................random_state=85, solver=newton-cg; total time=   3.7s
[CV] END ..................random_state=85, solver=newton-cg; total time=   3.9s
[CV] END ..................random_state=85, solver=newton-cg; total time=   3.9s
[CV] END ..................random_state=85, solver=newton-cg; total time=   4.2s
[CV] END ......................random_state=85, solver=lbfgs; total time=   0.2s
[CV] END ......................random_state=85, solver=lbfgs; total time=   0.2s
[CV] END ......................random_state=85, solver=lbfgs; total time=   0.2s
[CV] END ......................random_state=85, solver=lbfgs; total time=   0.2s
[CV] END ......................random_state=85, solver=lbfgs; total time=   0.2s
[CV] END ......................random_state=85, solver=lbfgs; total time=   0.3s
[CV] END ......................random_state=85, solver=lbfgs; total time=   0.2s
[CV] END ......................random_state=85, solver=lbfgs; total time=   0.2s
[CV] END ......................random_state=85, solver=lbfgs; total time=   0.2s
[CV] END ......................random_state=85, solver=lbfgs; total time=   0.2s
[CV] END ..................random_state=85, solver=liblinear; total time=   0.0s
[CV] END ..................random_state=85, solver=liblinear; total time=   0.0s
[CV] END ..................random_state=85, solver=liblinear; total time=   0.0s
[CV] END ..................random_state=85, solver=liblinear; total time=   0.0s
[CV] END ..................random_state=85, solver=liblinear; total time=   0.0s
[CV] END ..................random_state=85, solver=liblinear; total time=   0.0s
[CV] END ..................random_state=85, solver=liblinear; total time=   0.0s
[CV] END ..................random_state=85, solver=liblinear; total time=   0.0s
[CV] END ..................random_state=85, solver=liblinear; total time=   0.0s
[CV] END ..................random_state=85, solver=liblinear; total time=   0.0s
[CV] END ........................random_state=85, solver=sag; total time=   0.2s
[CV] END ........................random_state=85, solver=sag; total time=   0.1s
[CV] END ........................random_state=85, solver=sag; total time=   0.2s
[CV] END ........................random_state=85, solver=sag; total time=   0.2s
[CV] END ........................random_state=85, solver=sag; total time=   0.2s
[CV] END ........................random_state=85, solver=sag; total time=   0.2s
[CV] END ........................random_state=85, solver=sag; total time=   0.2s
[CV] END ........................random_state=85, solver=sag; total time=   0.2s
[CV] END ........................random_state=85, solver=sag; total time=   0.3s
[CV] END ........................random_state=85, solver=sag; total time=   0.1s
[CV] END .......................random_state=85, solver=saga; total time=   0.3s
[CV] END .......................random_state=85, solver=saga; total time=   0.4s
[CV] END .......................random_state=85, solver=saga; total time=   0.3s
[CV] END .......................random_state=85, solver=saga; total time=   0.3s
[CV] END .......................random_state=85, solver=saga; total time=   0.4s
[CV] END .......................random_state=85, solver=saga; total time=   0.3s
[CV] END .......................random_state=85, solver=saga; total time=   0.3s
[CV] END .......................random_state=85, solver=saga; total time=   0.3s
[CV] END .......................random_state=85, solver=saga; total time=   0.3s
[CV] END .......................random_state=85, solver=saga; total time=   0.3s
[CV] END ..................random_state=90, solver=newton-cg; total time=   3.9s
[CV] END ..................random_state=90, solver=newton-cg; total time=   4.1s
[CV] END ..................random_state=90, solver=newton-cg; total time=   3.7s
[CV] END ..................random_state=90, solver=newton-cg; total time=   4.1s
[CV] END ..................random_state=90, solver=newton-cg; total time=   3.8s
[CV] END ..................random_state=90, solver=newton-cg; total time=   4.2s
[CV] END ..................random_state=90, solver=newton-cg; total time=   3.8s
[CV] END ..................random_state=90, solver=newton-cg; total time=   4.1s
[CV] END ..................random_state=90, solver=newton-cg; total time=   4.0s
[CV] END ..................random_state=90, solver=newton-cg; total time=   4.2s
[CV] END ......................random_state=90, solver=lbfgs; total time=   0.2s
[CV] END ......................random_state=90, solver=lbfgs; total time=   0.2s
[CV] END ......................random_state=90, solver=lbfgs; total time=   0.2s
[CV] END ......................random_state=90, solver=lbfgs; total time=   0.2s
[CV] END ......................random_state=90, solver=lbfgs; total time=   0.2s
[CV] END ......................random_state=90, solver=lbfgs; total time=   0.2s
[CV] END ......................random_state=90, solver=lbfgs; total time=   0.3s
[CV] END ......................random_state=90, solver=lbfgs; total time=   0.2s
[CV] END ......................random_state=90, solver=lbfgs; total time=   0.2s
[CV] END ......................random_state=90, solver=lbfgs; total time=   0.2s
[CV] END ..................random_state=90, solver=liblinear; total time=   0.0s
[CV] END ..................random_state=90, solver=liblinear; total time=   0.0s
[CV] END ..................random_state=90, solver=liblinear; total time=   0.0s
[CV] END ..................random_state=90, solver=liblinear; total time=   0.0s
[CV] END ..................random_state=90, solver=liblinear; total time=   0.0s
[CV] END ..................random_state=90, solver=liblinear; total time=   0.0s
[CV] END ..................random_state=90, solver=liblinear; total time=   0.0s
[CV] END ..................random_state=90, solver=liblinear; total time=   0.0s
[CV] END ..................random_state=90, solver=liblinear; total time=   0.0s
[CV] END ..................random_state=90, solver=liblinear; total time=   0.0s
[CV] END ........................random_state=90, solver=sag; total time=   0.2s
[CV] END ........................random_state=90, solver=sag; total time=   0.2s
[CV] END ........................random_state=90, solver=sag; total time=   0.2s
[CV] END ........................random_state=90, solver=sag; total time=   0.2s
[CV] END ........................random_state=90, solver=sag; total time=   0.2s
[CV] END ........................random_state=90, solver=sag; total time=   0.3s
[CV] END ........................random_state=90, solver=sag; total time=   0.2s
[CV] END ........................random_state=90, solver=sag; total time=   0.2s
[CV] END ........................random_state=90, solver=sag; total time=   0.2s
[CV] END ........................random_state=90, solver=sag; total time=   0.2s
[CV] END .......................random_state=90, solver=saga; total time=   0.3s
[CV] END .......................random_state=90, solver=saga; total time=   0.3s
[CV] END .......................random_state=90, solver=saga; total time=   0.3s
[CV] END .......................random_state=90, solver=saga; total time=   0.4s
[CV] END .......................random_state=90, solver=saga; total time=   0.3s
[CV] END .......................random_state=90, solver=saga; total time=   0.3s
[CV] END .......................random_state=90, solver=saga; total time=   0.3s
[CV] END .......................random_state=90, solver=saga; total time=   0.3s
[CV] END .......................random_state=90, solver=saga; total time=   0.3s
[CV] END .......................random_state=90, solver=saga; total time=   0.3s
[CV] END ..................random_state=95, solver=newton-cg; total time=   4.0s
[CV] END ..................random_state=95, solver=newton-cg; total time=   4.3s
[CV] END ..................random_state=95, solver=newton-cg; total time=   3.7s
[CV] END ..................random_state=95, solver=newton-cg; total time=   4.1s
[CV] END ..................random_state=95, solver=newton-cg; total time=   4.0s
[CV] END ..................random_state=95, solver=newton-cg; total time=   4.3s
[CV] END ..................random_state=95, solver=newton-cg; total time=   3.9s
[CV] END ..................random_state=95, solver=newton-cg; total time=   4.4s
[CV] END ..................random_state=95, solver=newton-cg; total time=   4.1s
[CV] END ..................random_state=95, solver=newton-cg; total time=   4.2s
[CV] END ......................random_state=95, solver=lbfgs; total time=   0.3s
[CV] END ......................random_state=95, solver=lbfgs; total time=   0.2s
[CV] END ......................random_state=95, solver=lbfgs; total time=   0.2s
[CV] END ......................random_state=95, solver=lbfgs; total time=   0.2s
[CV] END ......................random_state=95, solver=lbfgs; total time=   0.3s
[CV] END ......................random_state=95, solver=lbfgs; total time=   0.2s
[CV] END ......................random_state=95, solver=lbfgs; total time=   0.2s
[CV] END ......................random_state=95, solver=lbfgs; total time=   0.2s
[CV] END ......................random_state=95, solver=lbfgs; total time=   0.2s
[CV] END ......................random_state=95, solver=lbfgs; total time=   0.2s
[CV] END ..................random_state=95, solver=liblinear; total time=   0.0s
[CV] END ..................random_state=95, solver=liblinear; total time=   0.0s
[CV] END ..................random_state=95, solver=liblinear; total time=   0.0s
[CV] END ..................random_state=95, solver=liblinear; total time=   0.0s
[CV] END ..................random_state=95, solver=liblinear; total time=   0.0s
[CV] END ..................random_state=95, solver=liblinear; total time=   0.0s
[CV] END ..................random_state=95, solver=liblinear; total time=   0.0s
[CV] END ..................random_state=95, solver=liblinear; total time=   0.0s
[CV] END ..................random_state=95, solver=liblinear; total time=   0.0s
[CV] END ..................random_state=95, solver=liblinear; total time=   0.0s
[CV] END ........................random_state=95, solver=sag; total time=   0.2s
[CV] END ........................random_state=95, solver=sag; total time=   0.3s
[CV] END ........................random_state=95, solver=sag; total time=   0.2s
[CV] END ........................random_state=95, solver=sag; total time=   0.2s
[CV] END ........................random_state=95, solver=sag; total time=   0.2s
[CV] END ........................random_state=95, solver=sag; total time=   0.2s
[CV] END ........................random_state=95, solver=sag; total time=   0.2s
[CV] END ........................random_state=95, solver=sag; total time=   0.2s
[CV] END ........................random_state=95, solver=sag; total time=   0.2s
[CV] END ........................random_state=95, solver=sag; total time=   0.2s
[CV] END .......................random_state=95, solver=saga; total time=   0.4s
[CV] END .......................random_state=95, solver=saga; total time=   0.3s
[CV] END .......................random_state=95, solver=saga; total time=   0.3s
[CV] END .......................random_state=95, solver=saga; total time=   0.3s
[CV] END .......................random_state=95, solver=saga; total time=   0.3s
[CV] END .......................random_state=95, solver=saga; total time=   0.3s
[CV] END .......................random_state=95, solver=saga; total time=   0.3s
[CV] END .......................random_state=95, solver=saga; total time=   0.4s
[CV] END .......................random_state=95, solver=saga; total time=   0.3s
[CV] END .......................random_state=95, solver=saga; total time=   0.3s
[CV] END .................random_state=100, solver=newton-cg; total time=   3.9s
[CV] END .................random_state=100, solver=newton-cg; total time=   4.3s
[CV] END .................random_state=100, solver=newton-cg; total time=   3.6s
[CV] END .................random_state=100, solver=newton-cg; total time=   3.9s
[CV] END .................random_state=100, solver=newton-cg; total time=   3.8s
[CV] END .................random_state=100, solver=newton-cg; total time=   4.1s
[CV] END .................random_state=100, solver=newton-cg; total time=   3.9s
[CV] END .................random_state=100, solver=newton-cg; total time=   4.5s
[CV] END .................random_state=100, solver=newton-cg; total time=   4.0s
[CV] END .................random_state=100, solver=newton-cg; total time=   4.3s
[CV] END .....................random_state=100, solver=lbfgs; total time=   0.2s
[CV] END .....................random_state=100, solver=lbfgs; total time=   0.2s
[CV] END .....................random_state=100, solver=lbfgs; total time=   0.2s
[CV] END .....................random_state=100, solver=lbfgs; total time=   0.2s
[CV] END .....................random_state=100, solver=lbfgs; total time=   0.2s
[CV] END .....................random_state=100, solver=lbfgs; total time=   0.2s
[CV] END .....................random_state=100, solver=lbfgs; total time=   0.2s
[CV] END .....................random_state=100, solver=lbfgs; total time=   0.2s
[CV] END .....................random_state=100, solver=lbfgs; total time=   0.2s
[CV] END .....................random_state=100, solver=lbfgs; total time=   0.2s
[CV] END .................random_state=100, solver=liblinear; total time=   0.0s
[CV] END .................random_state=100, solver=liblinear; total time=   0.0s
[CV] END .................random_state=100, solver=liblinear; total time=   0.0s
[CV] END .................random_state=100, solver=liblinear; total time=   0.0s
[CV] END .................random_state=100, solver=liblinear; total time=   0.0s
[CV] END .................random_state=100, solver=liblinear; total time=   0.0s
[CV] END .................random_state=100, solver=liblinear; total time=   0.0s
[CV] END .................random_state=100, solver=liblinear; total time=   0.1s
[CV] END .................random_state=100, solver=liblinear; total time=   0.0s
[CV] END .................random_state=100, solver=liblinear; total time=   0.0s
[CV] END .......................random_state=100, solver=sag; total time=   0.2s
[CV] END .......................random_state=100, solver=sag; total time=   0.2s
[CV] END .......................random_state=100, solver=sag; total time=   0.2s
[CV] END .......................random_state=100, solver=sag; total time=   0.2s
[CV] END .......................random_state=100, solver=sag; total time=   0.2s
[CV] END .......................random_state=100, solver=sag; total time=   0.2s
[CV] END .......................random_state=100, solver=sag; total time=   0.2s
[CV] END .......................random_state=100, solver=sag; total time=   0.2s
[CV] END .......................random_state=100, solver=sag; total time=   0.2s
[CV] END .......................random_state=100, solver=sag; total time=   0.2s
[CV] END ......................random_state=100, solver=saga; total time=   0.3s
[CV] END ......................random_state=100, solver=saga; total time=   0.4s
[CV] END ......................random_state=100, solver=saga; total time=   0.3s
[CV] END ......................random_state=100, solver=saga; total time=   0.3s
[CV] END ......................random_state=100, solver=saga; total time=   0.4s
[CV] END ......................random_state=100, solver=saga; total time=   0.3s
[CV] END ......................random_state=100, solver=saga; total time=   0.3s
[CV] END ......................random_state=100, solver=saga; total time=   0.3s
[CV] END ......................random_state=100, solver=saga; total time=   0.3s
[CV] END ......................random_state=100, solver=saga; total time=   0.3s
[CV] END .................random_state=105, solver=newton-cg; total time=   3.9s
[CV] END .................random_state=105, solver=newton-cg; total time=   4.2s
[CV] END .................random_state=105, solver=newton-cg; total time=   3.5s
[CV] END .................random_state=105, solver=newton-cg; total time=   3.9s
[CV] END .................random_state=105, solver=newton-cg; total time=   3.9s
[CV] END .................random_state=105, solver=newton-cg; total time=   4.2s
[CV] END .................random_state=105, solver=newton-cg; total time=   4.0s
[CV] END .................random_state=105, solver=newton-cg; total time=   4.3s
[CV] END .................random_state=105, solver=newton-cg; total time=   3.9s
[CV] END .................random_state=105, solver=newton-cg; total time=   4.2s
[CV] END .....................random_state=105, solver=lbfgs; total time=   0.2s
[CV] END .....................random_state=105, solver=lbfgs; total time=   0.2s
[CV] END .....................random_state=105, solver=lbfgs; total time=   0.2s
[CV] END .....................random_state=105, solver=lbfgs; total time=   0.2s
[CV] END .....................random_state=105, solver=lbfgs; total time=   0.2s
[CV] END .....................random_state=105, solver=lbfgs; total time=   0.2s
[CV] END .....................random_state=105, solver=lbfgs; total time=   0.3s
[CV] END .....................random_state=105, solver=lbfgs; total time=   0.2s
[CV] END .....................random_state=105, solver=lbfgs; total time=   0.2s
[CV] END .....................random_state=105, solver=lbfgs; total time=   0.2s
[CV] END .................random_state=105, solver=liblinear; total time=   0.0s
[CV] END .................random_state=105, solver=liblinear; total time=   0.0s
[CV] END .................random_state=105, solver=liblinear; total time=   0.0s
[CV] END .................random_state=105, solver=liblinear; total time=   0.0s
[CV] END .................random_state=105, solver=liblinear; total time=   0.0s
[CV] END .................random_state=105, solver=liblinear; total time=   0.0s
[CV] END .................random_state=105, solver=liblinear; total time=   0.0s
[CV] END .................random_state=105, solver=liblinear; total time=   0.0s
[CV] END .................random_state=105, solver=liblinear; total time=   0.0s
[CV] END .................random_state=105, solver=liblinear; total time=   0.0s
[CV] END .......................random_state=105, solver=sag; total time=   0.2s
[CV] END .......................random_state=105, solver=sag; total time=   0.2s
[CV] END .......................random_state=105, solver=sag; total time=   0.2s
[CV] END .......................random_state=105, solver=sag; total time=   0.2s
[CV] END .......................random_state=105, solver=sag; total time=   0.2s
[CV] END .......................random_state=105, solver=sag; total time=   0.2s
[CV] END .......................random_state=105, solver=sag; total time=   0.2s
[CV] END .......................random_state=105, solver=sag; total time=   0.2s
[CV] END .......................random_state=105, solver=sag; total time=   0.2s
[CV] END .......................random_state=105, solver=sag; total time=   0.2s
[CV] END ......................random_state=105, solver=saga; total time=   0.4s
[CV] END ......................random_state=105, solver=saga; total time=   0.3s
[CV] END ......................random_state=105, solver=saga; total time=   0.3s
[CV] END ......................random_state=105, solver=saga; total time=   0.3s
[CV] END ......................random_state=105, solver=saga; total time=   0.4s
[CV] END ......................random_state=105, solver=saga; total time=   0.3s
[CV] END ......................random_state=105, solver=saga; total time=   0.3s
[CV] END ......................random_state=105, solver=saga; total time=   0.3s
[CV] END ......................random_state=105, solver=saga; total time=   0.3s
[CV] END ......................random_state=105, solver=saga; total time=   0.3s
[CV] END .................random_state=110, solver=newton-cg; total time=   3.9s
[CV] END .................random_state=110, solver=newton-cg; total time=   4.2s
[CV] END .................random_state=110, solver=newton-cg; total time=   3.6s
[CV] END .................random_state=110, solver=newton-cg; total time=   4.1s
[CV] END .................random_state=110, solver=newton-cg; total time=   4.0s
[CV] END .................random_state=110, solver=newton-cg; total time=   4.3s
[CV] END .................random_state=110, solver=newton-cg; total time=   4.1s
[CV] END .................random_state=110, solver=newton-cg; total time=   4.4s
[CV] END .................random_state=110, solver=newton-cg; total time=   4.3s
[CV] END .................random_state=110, solver=newton-cg; total time=   4.2s
[CV] END .....................random_state=110, solver=lbfgs; total time=   0.2s
[CV] END .....................random_state=110, solver=lbfgs; total time=   0.2s
[CV] END .....................random_state=110, solver=lbfgs; total time=   0.2s
[CV] END .....................random_state=110, solver=lbfgs; total time=   0.2s
[CV] END .....................random_state=110, solver=lbfgs; total time=   0.3s
[CV] END .....................random_state=110, solver=lbfgs; total time=   0.2s
[CV] END .....................random_state=110, solver=lbfgs; total time=   0.2s
[CV] END .....................random_state=110, solver=lbfgs; total time=   0.2s
[CV] END .....................random_state=110, solver=lbfgs; total time=   0.2s
[CV] END .....................random_state=110, solver=lbfgs; total time=   0.2s
[CV] END .................random_state=110, solver=liblinear; total time=   0.0s
[CV] END .................random_state=110, solver=liblinear; total time=   0.0s
[CV] END .................random_state=110, solver=liblinear; total time=   0.0s
[CV] END .................random_state=110, solver=liblinear; total time=   0.0s
[CV] END .................random_state=110, solver=liblinear; total time=   0.0s
[CV] END .................random_state=110, solver=liblinear; total time=   0.0s
[CV] END .................random_state=110, solver=liblinear; total time=   0.0s
[CV] END .................random_state=110, solver=liblinear; total time=   0.0s
[CV] END .................random_state=110, solver=liblinear; total time=   0.0s
[CV] END .................random_state=110, solver=liblinear; total time=   0.0s
[CV] END .......................random_state=110, solver=sag; total time=   0.3s
[CV] END .......................random_state=110, solver=sag; total time=   0.3s
[CV] END .......................random_state=110, solver=sag; total time=   0.3s
[CV] END .......................random_state=110, solver=sag; total time=   0.2s
[CV] END .......................random_state=110, solver=sag; total time=   0.2s
[CV] END .......................random_state=110, solver=sag; total time=   0.2s
[CV] END .......................random_state=110, solver=sag; total time=   0.2s
[CV] END .......................random_state=110, solver=sag; total time=   0.2s
[CV] END .......................random_state=110, solver=sag; total time=   0.2s
[CV] END .......................random_state=110, solver=sag; total time=   0.2s
[CV] END ......................random_state=110, solver=saga; total time=   0.3s
[CV] END ......................random_state=110, solver=saga; total time=   0.3s
[CV] END ......................random_state=110, solver=saga; total time=   0.4s
[CV] END ......................random_state=110, solver=saga; total time=   0.3s
[CV] END ......................random_state=110, solver=saga; total time=   0.3s
[CV] END ......................random_state=110, solver=saga; total time=   0.3s
[CV] END ......................random_state=110, solver=saga; total time=   0.4s
[CV] END ......................random_state=110, solver=saga; total time=   0.3s
[CV] END ......................random_state=110, solver=saga; total time=   0.3s
[CV] END ......................random_state=110, solver=saga; total time=   0.3s
[CV] END .................random_state=115, solver=newton-cg; total time=   3.9s
[CV] END .................random_state=115, solver=newton-cg; total time=   4.0s
[CV] END .................random_state=115, solver=newton-cg; total time=   3.5s
[CV] END .................random_state=115, solver=newton-cg; total time=   4.0s
[CV] END .................random_state=115, solver=newton-cg; total time=   3.8s
[CV] END .................random_state=115, solver=newton-cg; total time=   4.1s
[CV] END .................random_state=115, solver=newton-cg; total time=   3.9s
[CV] END .................random_state=115, solver=newton-cg; total time=   3.9s
[CV] END .................random_state=115, solver=newton-cg; total time=   3.8s
[CV] END .................random_state=115, solver=newton-cg; total time=   4.3s
[CV] END .....................random_state=115, solver=lbfgs; total time=   0.2s
[CV] END .....................random_state=115, solver=lbfgs; total time=   0.2s
[CV] END .....................random_state=115, solver=lbfgs; total time=   0.2s
[CV] END .....................random_state=115, solver=lbfgs; total time=   0.2s
[CV] END .....................random_state=115, solver=lbfgs; total time=   0.2s
[CV] END .....................random_state=115, solver=lbfgs; total time=   0.2s
[CV] END .....................random_state=115, solver=lbfgs; total time=   0.2s
[CV] END .....................random_state=115, solver=lbfgs; total time=   0.2s
[CV] END .....................random_state=115, solver=lbfgs; total time=   0.2s
[CV] END .....................random_state=115, solver=lbfgs; total time=   0.2s
[CV] END .................random_state=115, solver=liblinear; total time=   0.0s
[CV] END .................random_state=115, solver=liblinear; total time=   0.0s
[CV] END .................random_state=115, solver=liblinear; total time=   0.0s
[CV] END .................random_state=115, solver=liblinear; total time=   0.0s
[CV] END .................random_state=115, solver=liblinear; total time=   0.0s
[CV] END .................random_state=115, solver=liblinear; total time=   0.0s
[CV] END .................random_state=115, solver=liblinear; total time=   0.0s
[CV] END .................random_state=115, solver=liblinear; total time=   0.0s
[CV] END .................random_state=115, solver=liblinear; total time=   0.0s
[CV] END .................random_state=115, solver=liblinear; total time=   0.0s
[CV] END .......................random_state=115, solver=sag; total time=   0.2s
[CV] END .......................random_state=115, solver=sag; total time=   0.2s
[CV] END .......................random_state=115, solver=sag; total time=   0.3s
[CV] END .......................random_state=115, solver=sag; total time=   0.2s
[CV] END .......................random_state=115, solver=sag; total time=   0.2s
[CV] END .......................random_state=115, solver=sag; total time=   0.2s
[CV] END .......................random_state=115, solver=sag; total time=   0.2s
[CV] END .......................random_state=115, solver=sag; total time=   0.2s
[CV] END .......................random_state=115, solver=sag; total time=   0.1s
[CV] END .......................random_state=115, solver=sag; total time=   0.1s
[CV] END ......................random_state=115, solver=saga; total time=   0.3s
[CV] END ......................random_state=115, solver=saga; total time=   0.3s
[CV] END ......................random_state=115, solver=saga; total time=   0.3s
[CV] END ......................random_state=115, solver=saga; total time=   0.3s
[CV] END ......................random_state=115, solver=saga; total time=   0.4s
[CV] END ......................random_state=115, solver=saga; total time=   0.3s
[CV] END ......................random_state=115, solver=saga; total time=   0.4s
[CV] END ......................random_state=115, solver=saga; total time=   0.3s
[CV] END ......................random_state=115, solver=saga; total time=   0.3s
[CV] END ......................random_state=115, solver=saga; total time=   0.3s
[CV] END .................random_state=120, solver=newton-cg; total time=   3.8s
[CV] END .................random_state=120, solver=newton-cg; total time=   4.0s
[CV] END .................random_state=120, solver=newton-cg; total time=   3.7s
[CV] END .................random_state=120, solver=newton-cg; total time=   4.0s
[CV] END .................random_state=120, solver=newton-cg; total time=   4.5s
[CV] END .................random_state=120, solver=newton-cg; total time=   4.6s
[CV] END .................random_state=120, solver=newton-cg; total time=   5.2s
[CV] END .................random_state=120, solver=newton-cg; total time=   4.1s
[CV] END .................random_state=120, solver=newton-cg; total time=   4.0s
[CV] END .................random_state=120, solver=newton-cg; total time=   4.5s
[CV] END .....................random_state=120, solver=lbfgs; total time=   0.2s
[CV] END .....................random_state=120, solver=lbfgs; total time=   0.2s
[CV] END .....................random_state=120, solver=lbfgs; total time=   0.2s
[CV] END .....................random_state=120, solver=lbfgs; total time=   0.2s
[CV] END .....................random_state=120, solver=lbfgs; total time=   0.2s
[CV] END .....................random_state=120, solver=lbfgs; total time=   0.2s
[CV] END .....................random_state=120, solver=lbfgs; total time=   0.2s
[CV] END .....................random_state=120, solver=lbfgs; total time=   0.2s
[CV] END .....................random_state=120, solver=lbfgs; total time=   0.2s
[CV] END .....................random_state=120, solver=lbfgs; total time=   0.2s
[CV] END .................random_state=120, solver=liblinear; total time=   0.0s
[CV] END .................random_state=120, solver=liblinear; total time=   0.0s
[CV] END .................random_state=120, solver=liblinear; total time=   0.0s
[CV] END .................random_state=120, solver=liblinear; total time=   0.0s
[CV] END .................random_state=120, solver=liblinear; total time=   0.0s
[CV] END .................random_state=120, solver=liblinear; total time=   0.0s
[CV] END .................random_state=120, solver=liblinear; total time=   0.0s
[CV] END .................random_state=120, solver=liblinear; total time=   0.0s
[CV] END .................random_state=120, solver=liblinear; total time=   0.0s
[CV] END .................random_state=120, solver=liblinear; total time=   0.0s
[CV] END .......................random_state=120, solver=sag; total time=   0.3s
[CV] END .......................random_state=120, solver=sag; total time=   0.2s
[CV] END .......................random_state=120, solver=sag; total time=   0.2s
[CV] END .......................random_state=120, solver=sag; total time=   0.2s
[CV] END .......................random_state=120, solver=sag; total time=   0.2s
[CV] END .......................random_state=120, solver=sag; total time=   0.2s
[CV] END .......................random_state=120, solver=sag; total time=   0.1s
[CV] END .......................random_state=120, solver=sag; total time=   0.2s
[CV] END .......................random_state=120, solver=sag; total time=   0.2s
[CV] END .......................random_state=120, solver=sag; total time=   0.2s
[CV] END ......................random_state=120, solver=saga; total time=   0.4s
[CV] END ......................random_state=120, solver=saga; total time=   0.3s
[CV] END ......................random_state=120, solver=saga; total time=   0.3s
[CV] END ......................random_state=120, solver=saga; total time=   0.3s
[CV] END ......................random_state=120, solver=saga; total time=   0.3s
[CV] END ......................random_state=120, solver=saga; total time=   0.3s
[CV] END ......................random_state=120, solver=saga; total time=   0.3s
[CV] END ......................random_state=120, solver=saga; total time=   0.4s
[CV] END ......................random_state=120, solver=saga; total time=   0.3s
[CV] END ......................random_state=120, solver=saga; total time=   0.3s
{'random_state': 10, 'solver': 'liblinear'}
0.4893002149510389
